     1                                 %line 1+1 fibonacci.asm
     2                                 
     3                                 
     4                                 
     5                                 [section .data]
     6                                 
     7                                 
     8                                 
     9                                 
    10                                 
    11                                 EXIT_SUCCESS equ 0
    12                                 SYS_exit equ 60
    13                                 
    14                                 
    15                                 
    16                                 
    17                                 
    18 00000000 14000000               n dd 20
    19 00000004 0000000000000000       rst dq 0
    20                                 
    21                                 
    22                                 
    23                                 
    24                                 [section .text]
    25                                 [global _start]
    26                                 _start:
    27                                 
    28 00000000 48C7C000000000         mov rax, 0
    29 00000007 8B0C25[00000000]       mov ecx, dword[n]
    30 0000000E 48C7C301000000         mov rbx, 1
    31 00000015 83E902                 sub ecx, 2
    32                                 fibo:
    33 00000018 48C7C200000000          mov rdx, 0
    34 0000001F 4801C2                  add rdx,rax
    35 00000022 4801DA                  add rdx, rbx
    36 00000025 4889D8                  mov rax, rbx
    37 00000028 4889D3                  mov rbx, rdx
    38 0000002B E2E9                   loop fibo
    39 0000002D 48C7C000000000         mov rax, 0
    40 00000034 48891C25[00000000]     mov qword[rst], rbx
    41                                 
    42                                 
    43                                 
    44                                 
    45                                 last:
    46 0000003C 48C7C03C000000          mov rax, SYS_exit
    47 00000043 48C7C700000000          mov rdi, EXIT_SUCCESS
    48 0000004A 0F05                    syscall
